f:\documents\github\berbengine3d\tmp\berbengine3dwin32debug\berbengine3d.pdb
f:\documents\github\berbengine3d\tmp\berbengine3dwin32debug\berbengine3d.idb
f:\documents\github\berbengine3d\tmp\berbengine3dwin32debug\aiphysics.obj
f:\documents\github\berbengine3d\tmp\berbengine3dwin32debug\audiomanager.obj
f:\documents\github\berbengine3d\tmp\berbengine3dwin32debug\carphysics.obj
f:\documents\github\berbengine3d\tmp\berbengine3dwin32debug\collisionmanager.obj
f:\documents\github\berbengine3d\tmp\berbengine3dwin32debug\glprimitives.obj
f:\documents\github\berbengine3d\tmp\berbengine3dwin32debug\glsprite.obj
f:\documents\github\berbengine3d\tmp\berbengine3dwin32debug\gltext.obj
f:\documents\github\berbengine3d\tmp\berbengine3dwin32debug\glwindow.obj
f:\documents\github\berbengine3d\tmp\berbengine3dwin32debug\iapp.obj
f:\documents\github\berbengine3d\tmp\berbengine3dwin32debug\inputmanager.obj
f:\documents\github\berbengine3d\tmp\berbengine3dwin32debug\powerup.obj
f:\documents\github\berbengine3d\tmp\berbengine3dwin32debug\screenlist.obj
f:\documents\github\berbengine3d\tmp\berbengine3dwin32debug\shaderprogram.obj
f:\documents\github\berbengine3d\tmp\berbengine3dwin32debug\texture2d.obj
f:\documents\github\berbengine3d\tmp\berbengine3dwin32debug\timing.obj
f:\documents\github\berbengine3d\lib\x86\berbengine3d.lib
f:\documents\github\berbengine3d\\lib\x86\berbengine3d.pdb
f:\documents\github\berbengine3d\\lib\x86\berbengine3d.lib
f:\documents\github\berbengine3d\tmp\berbengine3dwin32debug\berbengine3d.tlog\cl.command.1.tlog
f:\documents\github\berbengine3d\tmp\berbengine3dwin32debug\berbengine3d.tlog\cl.read.1.tlog
f:\documents\github\berbengine3d\tmp\berbengine3dwin32debug\berbengine3d.tlog\cl.write.1.tlog
f:\documents\github\berbengine3d\tmp\berbengine3dwin32debug\berbengine3d.tlog\lib-link.read.1.tlog
f:\documents\github\berbengine3d\tmp\berbengine3dwin32debug\berbengine3d.tlog\lib-link.write.1.tlog
f:\documents\github\berbengine3d\tmp\berbengine3dwin32debug\berbengine3d.tlog\lib.command.1.tlog
