  Timing.cpp
  Texture2D.cpp
  ShaderProgram.cpp
  ScreenList.cpp
  ResourcePath.cpp
  IApp.cpp
f:\documents\github\berbengine3d\src\berbengine3d\iapp.cpp(26): error C3861: 'InitSDL': identifier not found
f:\documents\github\berbengine3d\src\berbengine3d\iapp.cpp(30): error C2065: 'WINDOW': undeclared identifier
f:\documents\github\berbengine3d\src\berbengine3d\iapp.cpp(30): error C2228: left of '.create' must have class/struct/union
  f:\documents\github\berbengine3d\src\berbengine3d\iapp.cpp(30): note: type is 'unknown-type'
f:\documents\github\berbengine3d\src\berbengine3d\iapp.cpp(31): error C2065: 'WINDOW': undeclared identifier
f:\documents\github\berbengine3d\src\berbengine3d\iapp.cpp(31): error C2228: left of '.SDLWindow' must have class/struct/union
  f:\documents\github\berbengine3d\src\berbengine3d\iapp.cpp(31): note: type is 'unknown-type'
f:\documents\github\berbengine3d\src\berbengine3d\iapp.cpp(33): error C3861: 'InitOpenGL': identifier not found
f:\documents\github\berbengine3d\src\berbengine3d\iapp.cpp(40): error C2039: 'update': is not a member of 'InputManager'
  f:\documents\github\berbengine3d\src\berbengine3d\inputmanager.h(51): note: see declaration of 'InputManager'
f:\documents\github\berbengine3d\src\berbengine3d\iapp.cpp(62): error C3861: 'DestroySDL': identifier not found
  GLWindow.cpp
  GLText.cpp
  GLSprite.cpp
  GLPrimitives.cpp
  AudioManager.cpp
  Generating Code...
