  Timing.cpp
  Texture2D.cpp
  ShaderProgram.cpp
  ScreenList.cpp
  PowerUp.cpp
  InputManager.cpp
  GLWindow.cpp
  GLText.cpp
  GLSprite.cpp
  GLPrimitives.cpp
  CollisionManager.cpp
  CarPhysics.cpp
  AudioManager.cpp
  AIPhysics.cpp
  Generating Code...
  BerbEngine3D.vcxproj -> F:\Documents\GitHub\BerbEngine3D\\build\BerbEngine3D\lib\x86\BerbEngine3D.lib
  F:\Documents\GitHub\BerbEngine3D\\source\BerbEngine3D\AIPhysics.h
  F:\Documents\GitHub\BerbEngine3D\\source\BerbEngine3D\AssetManager.h
  F:\Documents\GitHub\BerbEngine3D\\source\BerbEngine3D\AudioManager.h
  F:\Documents\GitHub\BerbEngine3D\\source\BerbEngine3D\CarPhysics.h
  F:\Documents\GitHub\BerbEngine3D\\source\BerbEngine3D\CollisionManager.h
  F:\Documents\GitHub\BerbEngine3D\\source\BerbEngine3D\ErrorManager.h
  F:\Documents\GitHub\BerbEngine3D\\source\BerbEngine3D\GameObject.h
  F:\Documents\GitHub\BerbEngine3D\\source\BerbEngine3D\GLCamera.h
  F:\Documents\GitHub\BerbEngine3D\\source\BerbEngine3D\GLLight.h
  F:\Documents\GitHub\BerbEngine3D\\source\BerbEngine3D\GLMaterial.h
  F:\Documents\GitHub\BerbEngine3D\\source\BerbEngine3D\GLMesh.h
  F:\Documents\GitHub\BerbEngine3D\\source\BerbEngine3D\GLPrimitives.h
  F:\Documents\GitHub\BerbEngine3D\\source\BerbEngine3D\GLSprite.h
  F:\Documents\GitHub\BerbEngine3D\\source\BerbEngine3D\GLText.h
  F:\Documents\GitHub\BerbEngine3D\\source\BerbEngine3D\GLTexture.h
  F:\Documents\GitHub\BerbEngine3D\\source\BerbEngine3D\GLWindow.h
  F:\Documents\GitHub\BerbEngine3D\\source\BerbEngine3D\IApp.h
  F:\Documents\GitHub\BerbEngine3D\\source\BerbEngine3D\InputManager.h
  F:\Documents\GitHub\BerbEngine3D\\source\BerbEngine3D\IOManager.h
  F:\Documents\GitHub\BerbEngine3D\\source\BerbEngine3D\IScreen.h
  F:\Documents\GitHub\BerbEngine3D\\source\BerbEngine3D\PathLoader.h
  F:\Documents\GitHub\BerbEngine3D\\source\BerbEngine3D\PowerUp.h
  F:\Documents\GitHub\BerbEngine3D\\source\BerbEngine3D\ScreenList.h
  F:\Documents\GitHub\BerbEngine3D\\source\BerbEngine3D\ShaderProgram.h
  F:\Documents\GitHub\BerbEngine3D\\source\BerbEngine3D\Text2D.h
  F:\Documents\GitHub\BerbEngine3D\\source\BerbEngine3D\Texture2D.h
  F:\Documents\GitHub\BerbEngine3D\\source\BerbEngine3D\Timing.h
  F:\Documents\GitHub\BerbEngine3D\\source\BerbEngine3D\Transform.h
  F:\Documents\GitHub\BerbEngine3D\\source\BerbEngine3D\Utils.h
  29 File(s) copied
